(4, 3): P: 50
(4, 2): 1: 49
(4, 1): N: 48
(4, 0): 1: 47
(3, 0): N: 46
(4, 0): 1: 45
(4, 1): N: 44
(4, 2): 1: 43
(4, 3): P: 42
(4, 4): 1: 41
(4, 5): 1: 40
(4, 6): 1: 39
(4, 7): 1: 38
(3, 7): N: 37
(3, 8): 1: 36
(2, 8): 1: 35
(2, 9): C: 34
(2, 8): 1: 33
(2, 7): 1: 32
(2, 6): N: 31
(2, 5): 1: 30
(2, 4): 1: 29
(1, 4): 2: 27
(0, 4): CC: 26
(0, 5): 1: 25
(0, 6): 1: 24
(0, 7): 1: 23
(0, 8): CN: 22
(1, 8): 2: 20
(2, 8): 1: 19
(3, 8): 1: 18
(4, 8): 1: 17
(4, 7): 1: 16
(4, 6): 1: 15
(4, 5): 1: 14
(4, 4): 1: 13
(4, 3): P: 12
