(2, 1): P: 50
(2, 0): 1: 49
(1, 0): 1: 48
(0, 0): C: 47
(1, 0): 1: 46
(2, 0): 1: 45
(2, 1): P: 44
(2, 2): 1: 43
(2, 3): 1: 42
(1, 3): CC: 41
(0, 3): 1: 40
(0, 4): N: 39
(1, 4): 2: 37
(2, 4): CN: 36
(2, 5): 1: 35
(2, 6): 1: 34
(3, 6): 1: 33
(4, 6): 1: 32
(4, 5): 1: 31
(4, 4): N: 30
(4, 3): 1: 29
(4, 2): 1: 28
(5, 2): C: 27
(5, 3): 1: 26
(5, 4): 1: 25
(5, 5): 1: 24
(6, 5): 1: 23
(6, 6): 1: 22
(6, 7): N: 21
(6, 6): 1: 20
(6, 5): 1: 19
(5, 5): 1: 18
(4, 5): 1: 17
(4, 6): 1: 16
(3, 6): 1: 15
(2, 6): 1: 14
(1, 6): N: 13
(1, 5): 1: 12
(1, 4): 2: 10
(1, 3): CC: 9
(2, 3): 1: 8
(2, 4): CN: 7
(2, 3): 1: 6
(2, 2): 1: 5
(2, 1): P: 4
